<?xml version="1.0" encoding="utf-8"?><testsuites><testsuite name="pytest" errors="0" failures="0" skipped="0" tests="3" time="1.011" timestamp="2024-04-30T13:34:11.425546" hostname="5034b582bb28"><testcase classname="tests.test_prediction" name="test_single_pred_not_none" time="0.016" /><testcase classname="tests.test_prediction" name="test_single_pred_str_type" time="0.016" /><testcase classname="tests.test_prediction" name="test_single_pred_validate" time="0.015" /></testsuite></testsuites>